------------------------------------
             Array Test
------------------------------------
Initializing Array of list = {1, 2}
list[0] = 
1
list[] = 
2
------------------------------------
        Build-In Function Test
------------------------------------
I. Permutation Test  -> P(2, 1) =
2
II. Combination Test  -> C(2, 1) =
2
III. Power Test -> Power(1.5, 2) =
0.25
IV. Bionomial Prob Test -> P(n = 2, p = 0.5, r = 2): =
0.25
Complex Number Calculation
p = 
1.0@2.0i
p + p = 
2.00000@4.00000i
p - p = 
0.00000@0.00000i
p * p = 
-3.00000@4.00000i
p / p = 
1.00000@0.00000i
